<?xml version="1.0" encoding="UTF-8"?>
<!-- Generated by org.testng.reporters.JUnitXMLReporter -->
<testsuite ignored="0" hostname="DESKTOP-79T6L8U" failures="0" tests="5" name="test1" time="10.024" errors="0" timestamp="2024-07-24T16:31:33 CST">
  <testcase classname="com.example.testcase.RequestMethodTest2" name="deleteTest" time="1.651"/>
  <testcase classname="com.example.testcase.RequestMethodTest2" name="getUserListTest" time="0.519"/>
  <testcase classname="com.example.testcase.RequestMethodTest2" name="insertUserTest" time="0.901"/>
  <testcase classname="com.example.testcase.RequestMethodTest2" name="postByFormTest" time="0.858"/>
  <testcase classname="com.example.testcase.RequestMethodTest2" name="putTest" time="6.043"/>
</testsuite> <!-- test1 -->
