<?xml version="1.0" encoding="UTF-8"?>
<testng-results ignored="0" total="5" passed="5" failed="0" skipped="0">
  <reporter-output>
  </reporter-output>
  <suite started-at="2024-07-24T16:31:23 CST" name="suite1" finished-at="2024-07-24T16:31:33 CST" duration-ms="10024">
    <groups>
    </groups>
    <test started-at="2024-07-24T16:31:23 CST" name="test1" finished-at="2024-07-24T16:31:33 CST" duration-ms="10024">
      <class name="com.example.testcase.RequestMethodTest2">
        <test-method is-config="true" signature="setUp()[pri:0, instance:com.example.testcase.RequestMethodTest2@515aebb0]" started-at="2024-07-24T16:31:23 CST" name="setUp" finished-at="2024-07-24T16:31:23 CST" duration-ms="12" status="PASS">
          <reporter-output>
          </reporter-output>
        </test-method> <!-- setUp -->
        <test-method signature="deleteTest()[pri:0, instance:com.example.testcase.RequestMethodTest2@515aebb0]" started-at="2024-07-24T16:31:23 CST" name="deleteTest" finished-at="2024-07-24T16:31:24 CST" duration-ms="1651" status="PASS">
          <reporter-output>
          </reporter-output>
        </test-method> <!-- deleteTest -->
        <test-method signature="getUserListTest(java.lang.String)[pri:0, instance:com.example.testcase.RequestMethodTest2@515aebb0]" started-at="2024-07-24T16:31:24 CST" name="getUserListTest" finished-at="2024-07-24T16:31:25 CST" duration-ms="519" status="PASS">
          <params>
            <param index="0">
              <value>
                <![CDATA[2]]>
              </value>
            </param>
          </params>
          <reporter-output>
          </reporter-output>
        </test-method> <!-- getUserListTest -->
        <test-method signature="insertUserTest(java.lang.Object)[pri:0, instance:com.example.testcase.RequestMethodTest2@515aebb0]" started-at="2024-07-24T16:31:25 CST" name="insertUserTest" data-provider="UserData" finished-at="2024-07-24T16:31:26 CST" duration-ms="901" status="PASS">
          <params>
            <param index="0">
              <value>
                <![CDATA[com.example.entity.User@464649c]]>
              </value>
            </param>
          </params>
          <reporter-output>
          </reporter-output>
        </test-method> <!-- insertUserTest -->
        <test-method signature="postByFormTest()[pri:0, instance:com.example.testcase.RequestMethodTest2@515aebb0]" started-at="2024-07-24T16:31:26 CST" name="postByFormTest" finished-at="2024-07-24T16:31:27 CST" duration-ms="858" status="PASS">
          <reporter-output>
          </reporter-output>
        </test-method> <!-- postByFormTest -->
        <test-method signature="putTest()[pri:0, instance:com.example.testcase.RequestMethodTest2@515aebb0]" started-at="2024-07-24T16:31:27 CST" name="putTest" finished-at="2024-07-24T16:31:33 CST" duration-ms="6043" status="PASS">
          <reporter-output>
          </reporter-output>
        </test-method> <!-- putTest -->
      </class> <!-- com.example.testcase.RequestMethodTest2 -->
    </test> <!-- test1 -->
  </suite> <!-- suite1 -->
</testng-results>
